<?xml version="1.0" encoding="UTF-8"?>
<coverage generated="1636736026316" clover="3.2.0">
  <project timestamp="1636736026325" name="All files">
    <metrics statements="88" coveredstatements="59" conditionals="25" coveredconditionals="14" methods="19" coveredmethods="12" elements="132" coveredelements="85" complexity="0" loc="88" ncloc="88" packages="1" files="5" classes="5"/>
    <file name="App.js" path="/usr/local/google/home/cjgarcia/GoogleGit/multiverse_activities/Week_02/scooter_project/scooter/src/App.js">
      <metrics statements="32" coveredstatements="23" conditionals="10" coveredconditionals="9" methods="8" coveredmethods="5"/>
      <line num="1" count="3" type="stmt"/>
      <line num="5" count="3" type="stmt"/>
      <line num="9" count="6" type="stmt"/>
      <line num="14" count="0" type="stmt"/>
      <line num="19" count="0" type="stmt"/>
      <line num="20" count="0" type="stmt"/>
      <line num="22" count="0" type="stmt"/>
      <line num="23" count="0" type="stmt"/>
      <line num="24" count="0" type="stmt"/>
      <line num="26" count="0" type="stmt"/>
      <line num="31" count="1" type="stmt"/>
      <line num="36" count="8" type="stmt"/>
      <line num="37" count="8" type="stmt"/>
      <line num="44" count="4" type="stmt"/>
      <line num="45" count="14" type="cond" truecount="2" falsecount="0"/>
      <line num="46" count="3" type="stmt"/>
      <line num="49" count="4" type="stmt"/>
      <line num="50" count="16" type="cond" truecount="2" falsecount="0"/>
      <line num="51" count="4" type="stmt"/>
      <line num="54" count="4" type="cond" truecount="2" falsecount="0"/>
      <line num="55" count="1" type="stmt"/>
      <line num="57" count="3" type="cond" truecount="1" falsecount="1"/>
      <line num="58" count="0" type="stmt"/>
      <line num="59" count="0" type="stmt"/>
      <line num="61" count="3" type="stmt"/>
      <line num="69" count="3" type="stmt"/>
      <line num="71" count="10" type="cond" truecount="2" falsecount="0"/>
      <line num="73" count="3" type="stmt"/>
      <line num="74" count="3" type="stmt"/>
      <line num="76" count="3" type="stmt"/>
      <line num="80" count="3" type="stmt"/>
      <line num="86" count="3" type="stmt"/>
    </file>
    <file name="Scooter.js" path="/usr/local/google/home/cjgarcia/GoogleGit/multiverse_activities/Week_02/scooter_project/scooter/src/Scooter.js">
      <metrics statements="5" coveredstatements="5" conditionals="2" coveredconditionals="2" methods="1" coveredmethods="1"/>
      <line num="3" count="19" type="stmt"/>
      <line num="4" count="19" type="stmt"/>
      <line num="5" count="19" type="stmt"/>
      <line num="6" count="19" type="stmt"/>
      <line num="10" count="5" type="stmt"/>
    </file>
    <file name="Station.js" path="/usr/local/google/home/cjgarcia/GoogleGit/multiverse_activities/Week_02/scooter_project/scooter/src/Station.js">
      <metrics statements="16" coveredstatements="14" conditionals="4" coveredconditionals="2" methods="4" coveredmethods="4"/>
      <line num="1" count="4" type="stmt"/>
      <line num="4" count="4" type="stmt"/>
      <line num="8" count="7" type="stmt"/>
      <line num="9" count="7" type="stmt"/>
      <line num="10" count="7" type="stmt"/>
      <line num="11" count="7" type="stmt"/>
      <line num="12" count="7" type="stmt"/>
      <line num="17" count="9" type="stmt"/>
      <line num="18" count="27" type="stmt"/>
      <line num="20" count="9" type="stmt"/>
      <line num="25" count="21" type="cond" truecount="1" falsecount="1"/>
      <line num="26" count="0" type="stmt"/>
      <line num="28" count="21" type="cond" truecount="1" falsecount="1"/>
      <line num="29" count="21" type="stmt"/>
      <line num="31" count="0" type="stmt"/>
      <line num="37" count="4" type="stmt"/>
    </file>
    <file name="User.js" path="/usr/local/google/home/cjgarcia/GoogleGit/multiverse_activities/Week_02/scooter_project/scooter/src/User.js">
      <metrics statements="23" coveredstatements="13" conditionals="5" coveredconditionals="1" methods="4" coveredmethods="2"/>
      <line num="1" count="3" type="stmt"/>
      <line num="2" count="3" type="stmt"/>
      <line num="6" count="8" type="stmt"/>
      <line num="7" count="8" type="stmt"/>
      <line num="8" count="8" type="stmt"/>
      <line num="9" count="8" type="stmt"/>
      <line num="10" count="8" type="stmt"/>
      <line num="11" count="8" type="stmt"/>
      <line num="12" count="8" type="stmt"/>
      <line num="17" count="6" type="stmt"/>
      <line num="18" count="6" type="stmt"/>
      <line num="19" count="6" type="stmt"/>
      <line num="24" count="0" type="stmt"/>
      <line num="25" count="0" type="stmt"/>
      <line num="27" count="0" type="cond" truecount="0" falsecount="2"/>
      <line num="28" count="0" type="stmt"/>
      <line num="29" count="0" type="stmt"/>
      <line num="31" count="0" type="stmt"/>
      <line num="32" count="0" type="cond" truecount="0" falsecount="2"/>
      <line num="33" count="0" type="stmt"/>
      <line num="35" count="0" type="stmt"/>
      <line num="38" count="0" type="stmt"/>
      <line num="42" count="3" type="stmt"/>
    </file>
    <file name="validate.js" path="/usr/local/google/home/cjgarcia/GoogleGit/multiverse_activities/Week_02/scooter_project/scooter/src/validate.js">
      <metrics statements="12" coveredstatements="4" conditionals="4" coveredconditionals="0" methods="2" coveredmethods="0"/>
      <line num="1" count="1" type="stmt"/>
      <line num="4" count="1" type="stmt"/>
      <line num="5" count="0" type="cond" truecount="0" falsecount="2"/>
      <line num="6" count="0" type="stmt"/>
      <line num="7" count="0" type="stmt"/>
      <line num="9" count="0" type="stmt"/>
      <line num="13" count="1" type="stmt"/>
      <line num="14" count="0" type="cond" truecount="0" falsecount="2"/>
      <line num="15" count="0" type="stmt"/>
      <line num="16" count="0" type="stmt"/>
      <line num="18" count="0" type="stmt"/>
      <line num="21" count="1" type="stmt"/>
    </file>
  </project>
</coverage>
