{"/usr/local/google/home/cjgarcia/GoogleGit/multiverse_activities/Week_02/scooter_project/scooter/src/App.js": {"path":"/usr/local/google/home/cjgarcia/GoogleGit/multiverse_activities/Week_02/scooter_project/scooter/src/App.js","statementMap":{"0":{"start":{"line":1,"column":16},"end":{"line":1,"column":36}},"1":{"start":{"line":5,"column":22},"end":{"line":5,"column":24}},"2":{"start":{"line":9,"column":8},"end":{"line":9,"column":33}},"3":{"start":{"line":14,"column":8},"end":{"line":14,"column":28}},"4":{"start":{"line":19,"column":24},"end":{"line":21,"column":9}},"5":{"start":{"line":20,"column":12},"end":{"line":20,"column":37}},"6":{"start":{"line":22,"column":8},"end":{"line":25,"column":9}},"7":{"start":{"line":22,"column":21},"end":{"line":22,"column":22}},"8":{"start":{"line":23,"column":12},"end":{"line":23,"column":56}},"9":{"start":{"line":24,"column":12},"end":{"line":24,"column":61}},"10":{"start":{"line":26,"column":8},"end":{"line":26,"column":36}},"11":{"start":{"line":31,"column":8},"end":{"line":31,"column":32}},"12":{"start":{"line":36,"column":31},"end":{"line":36,"column":63}},"13":{"start":{"line":37,"column":8},"end":{"line":37,"column":30}},"14":{"start":{"line":44,"column":8},"end":{"line":48,"column":9}},"15":{"start":{"line":44,"column":18},"end":{"line":44,"column":19}},"16":{"start":{"line":45,"column":12},"end":{"line":47,"column":13}},"17":{"start":{"line":46,"column":16},"end":{"line":46,"column":45}},"18":{"start":{"line":49,"column":8},"end":{"line":53,"column":9}},"19":{"start":{"line":49,"column":18},"end":{"line":49,"column":19}},"20":{"start":{"line":50,"column":12},"end":{"line":52,"column":13}},"21":{"start":{"line":51,"column":16},"end":{"line":51,"column":67}},"22":{"start":{"line":54,"column":8},"end":{"line":63,"column":9}},"23":{"start":{"line":55,"column":12},"end":{"line":55,"column":24}},"24":{"start":{"line":57,"column":12},"end":{"line":62,"column":13}},"25":{"start":{"line":58,"column":16},"end":{"line":58,"column":114}},"26":{"start":{"line":59,"column":16},"end":{"line":59,"column":28}},"27":{"start":{"line":61,"column":16},"end":{"line":61,"column":59}},"28":{"start":{"line":69,"column":8},"end":{"line":82,"column":9}},"29":{"start":{"line":69,"column":18},"end":{"line":69,"column":19}},"30":{"start":{"line":71,"column":12},"end":{"line":81,"column":13}},"31":{"start":{"line":73,"column":38},"end":{"line":73,"column":66}},"32":{"start":{"line":74,"column":16},"end":{"line":74,"column":52}},"33":{"start":{"line":76,"column":16},"end":{"line":76,"column":59}},"34":{"start":{"line":80,"column":16},"end":{"line":80,"column":61}},"35":{"start":{"line":86,"column":0},"end":{"line":86,"column":21}}},"fnMap":{"0":{"name":"(anonymous_0)","decl":{"start":{"line":8,"column":4},"end":{"line":8,"column":5}},"loc":{"start":{"line":8,"column":25},"end":{"line":10,"column":5}},"line":8},"1":{"name":"(anonymous_1)","decl":{"start":{"line":13,"column":4},"end":{"line":13,"column":5}},"loc":{"start":{"line":13,"column":17},"end":{"line":15,"column":5}},"line":13},"2":{"name":"(anonymous_2)","decl":{"start":{"line":18,"column":4},"end":{"line":18,"column":5}},"loc":{"start":{"line":18,"column":31},"end":{"line":27,"column":5}},"line":18},"3":{"name":"(anonymous_3)","decl":{"start":{"line":19,"column":46},"end":{"line":19,"column":47}},"loc":{"start":{"line":20,"column":12},"end":{"line":20,"column":37}},"line":20},"4":{"name":"(anonymous_4)","decl":{"start":{"line":30,"column":4},"end":{"line":30,"column":5}},"loc":{"start":{"line":30,"column":27},"end":{"line":32,"column":5}},"line":30},"5":{"name":"(anonymous_5)","decl":{"start":{"line":35,"column":4},"end":{"line":35,"column":5}},"loc":{"start":{"line":35,"column":38},"end":{"line":38,"column":5}},"line":35},"6":{"name":"(anonymous_6)","decl":{"start":{"line":41,"column":4},"end":{"line":41,"column":5}},"loc":{"start":{"line":41,"column":42},"end":{"line":64,"column":5}},"line":41},"7":{"name":"(anonymous_7)","decl":{"start":{"line":67,"column":4},"end":{"line":67,"column":5}},"loc":{"start":{"line":67,"column":49},"end":{"line":83,"column":5}},"line":67}},"branchMap":{"0":{"loc":{"start":{"line":45,"column":12},"end":{"line":47,"column":13}},"type":"if","locations":[{"start":{"line":45,"column":12},"end":{"line":47,"column":13}},{"start":{},"end":{}}],"line":45},"1":{"loc":{"start":{"line":50,"column":12},"end":{"line":52,"column":13}},"type":"if","locations":[{"start":{"line":50,"column":12},"end":{"line":52,"column":13}},{"start":{},"end":{}}],"line":50},"2":{"loc":{"start":{"line":54,"column":8},"end":{"line":63,"column":9}},"type":"if","locations":[{"start":{"line":54,"column":8},"end":{"line":63,"column":9}},{"start":{"line":56,"column":15},"end":{"line":63,"column":9}}],"line":54},"3":{"loc":{"start":{"line":57,"column":12},"end":{"line":62,"column":13}},"type":"if","locations":[{"start":{"line":57,"column":12},"end":{"line":62,"column":13}},{"start":{"line":60,"column":17},"end":{"line":62,"column":13}}],"line":57},"4":{"loc":{"start":{"line":71,"column":12},"end":{"line":81,"column":13}},"type":"if","locations":[{"start":{"line":71,"column":12},"end":{"line":81,"column":13}},{"start":{},"end":{}}],"line":71}},"s":{"0":3,"1":3,"2":6,"3":0,"4":0,"5":0,"6":0,"7":0,"8":0,"9":0,"10":0,"11":1,"12":8,"13":8,"14":4,"15":4,"16":14,"17":3,"18":4,"19":4,"20":16,"21":4,"22":4,"23":1,"24":3,"25":0,"26":0,"27":3,"28":3,"29":3,"30":10,"31":3,"32":3,"33":3,"34":3,"35":3},"f":{"0":6,"1":0,"2":0,"3":0,"4":1,"5":8,"6":4,"7":3},"b":{"0":[3,11],"1":[4,12],"2":[1,3],"3":[0,3],"4":[3,7]},"_coverageSchema":"1a1c01bbd47fc00a2c39e90264f33305004495a9","hash":"f9e742273009128de9a214ae3e9c280b6e328749"}
,"/usr/local/google/home/cjgarcia/GoogleGit/multiverse_activities/Week_02/scooter_project/scooter/src/Scooter.js": {"path":"/usr/local/google/home/cjgarcia/GoogleGit/multiverse_activities/Week_02/scooter_project/scooter/src/Scooter.js","statementMap":{"0":{"start":{"line":3,"column":8},"end":{"line":3,"column":21}},"1":{"start":{"line":4,"column":8},"end":{"line":4,"column":29}},"2":{"start":{"line":5,"column":8},"end":{"line":5,"column":35}},"3":{"start":{"line":6,"column":8},"end":{"line":6,"column":35}},"4":{"start":{"line":10,"column":0},"end":{"line":10,"column":25}}},"fnMap":{"0":{"name":"(anonymous_0)","decl":{"start":{"line":2,"column":4},"end":{"line":2,"column":5}},"loc":{"start":{"line":2,"column":65},"end":{"line":7,"column":5}},"line":2}},"branchMap":{"0":{"loc":{"start":{"line":2,"column":28},"end":{"line":2,"column":44}},"type":"default-arg","locations":[{"start":{"line":2,"column":40},"end":{"line":2,"column":44}}],"line":2},"1":{"loc":{"start":{"line":2,"column":46},"end":{"line":2,"column":63}},"type":"default-arg","locations":[{"start":{"line":2,"column":58},"end":{"line":2,"column":63}}],"line":2}},"s":{"0":19,"1":19,"2":19,"3":19,"4":5},"f":{"0":19},"b":{"0":[1],"1":[1]},"_coverageSchema":"1a1c01bbd47fc00a2c39e90264f33305004495a9","hash":"0724e7c91c1732e369a1c1075bb591f7f2bee351"}
,"/usr/local/google/home/cjgarcia/GoogleGit/multiverse_activities/Week_02/scooter_project/scooter/src/Station.js": {"path":"/usr/local/google/home/cjgarcia/GoogleGit/multiverse_activities/Week_02/scooter_project/scooter/src/Station.js","statementMap":{"0":{"start":{"line":1,"column":16},"end":{"line":1,"column":36}},"1":{"start":{"line":4,"column":22},"end":{"line":4,"column":24}},"2":{"start":{"line":8,"column":8},"end":{"line":8,"column":33}},"3":{"start":{"line":9,"column":8},"end":{"line":9,"column":27}},"4":{"start":{"line":10,"column":8},"end":{"line":10,"column":37}},"5":{"start":{"line":11,"column":8},"end":{"line":11,"column":33}},"6":{"start":{"line":12,"column":8},"end":{"line":12,"column":45}},"7":{"start":{"line":17,"column":24},"end":{"line":19,"column":9}},"8":{"start":{"line":18,"column":12},"end":{"line":18,"column":37}},"9":{"start":{"line":20,"column":8},"end":{"line":20,"column":32}},"10":{"start":{"line":25,"column":8},"end":{"line":33,"column":9}},"11":{"start":{"line":26,"column":12},"end":{"line":26,"column":46}},"12":{"start":{"line":28,"column":12},"end":{"line":32,"column":13}},"13":{"start":{"line":29,"column":16},"end":{"line":29,"column":44}},"14":{"start":{"line":31,"column":16},"end":{"line":31,"column":54}},"15":{"start":{"line":37,"column":0},"end":{"line":37,"column":25}}},"fnMap":{"0":{"name":"(anonymous_0)","decl":{"start":{"line":7,"column":4},"end":{"line":7,"column":5}},"loc":{"start":{"line":7,"column":26},"end":{"line":13,"column":5}},"line":7},"1":{"name":"(anonymous_1)","decl":{"start":{"line":16,"column":4},"end":{"line":16,"column":5}},"loc":{"start":{"line":16,"column":35},"end":{"line":21,"column":5}},"line":16},"2":{"name":"(anonymous_2)","decl":{"start":{"line":17,"column":46},"end":{"line":17,"column":47}},"loc":{"start":{"line":18,"column":12},"end":{"line":18,"column":37}},"line":18},"3":{"name":"(anonymous_3)","decl":{"start":{"line":24,"column":4},"end":{"line":24,"column":5}},"loc":{"start":{"line":24,"column":24},"end":{"line":34,"column":5}},"line":24}},"branchMap":{"0":{"loc":{"start":{"line":25,"column":8},"end":{"line":33,"column":9}},"type":"if","locations":[{"start":{"line":25,"column":8},"end":{"line":33,"column":9}},{"start":{"line":27,"column":15},"end":{"line":33,"column":9}}],"line":25},"1":{"loc":{"start":{"line":28,"column":12},"end":{"line":32,"column":13}},"type":"if","locations":[{"start":{"line":28,"column":12},"end":{"line":32,"column":13}},{"start":{"line":30,"column":19},"end":{"line":32,"column":13}}],"line":28}},"s":{"0":4,"1":4,"2":7,"3":7,"4":7,"5":7,"6":7,"7":9,"8":27,"9":9,"10":21,"11":0,"12":21,"13":21,"14":0,"15":4},"f":{"0":7,"1":9,"2":27,"3":21},"b":{"0":[0,21],"1":[21,0]},"_coverageSchema":"1a1c01bbd47fc00a2c39e90264f33305004495a9","hash":"a821dba74668c4fb89d1e0199c10093cb7e522df"}
,"/usr/local/google/home/cjgarcia/GoogleGit/multiverse_activities/Week_02/scooter_project/scooter/src/User.js": {"path":"/usr/local/google/home/cjgarcia/GoogleGit/multiverse_activities/Week_02/scooter_project/scooter/src/User.js","statementMap":{"0":{"start":{"line":1,"column":12},"end":{"line":1,"column":28}},"1":{"start":{"line":2,"column":16},"end":{"line":2,"column":36}},"2":{"start":{"line":6,"column":8},"end":{"line":6,"column":33}},"3":{"start":{"line":7,"column":8},"end":{"line":7,"column":27}},"4":{"start":{"line":8,"column":8},"end":{"line":8,"column":23}},"5":{"start":{"line":9,"column":8},"end":{"line":9,"column":25}},"6":{"start":{"line":10,"column":8},"end":{"line":10,"column":28}},"7":{"start":{"line":11,"column":8},"end":{"line":11,"column":35}},"8":{"start":{"line":12,"column":8},"end":{"line":12,"column":23}},"9":{"start":{"line":17,"column":8},"end":{"line":17,"column":27}},"10":{"start":{"line":18,"column":8},"end":{"line":18,"column":31}},"11":{"start":{"line":19,"column":8},"end":{"line":19,"column":69}},"12":{"start":{"line":24,"column":21},"end":{"line":26,"column":9}},"13":{"start":{"line":25,"column":12},"end":{"line":25,"column":37}},"14":{"start":{"line":27,"column":8},"end":{"line":30,"column":9}},"15":{"start":{"line":28,"column":12},"end":{"line":28,"column":59}},"16":{"start":{"line":29,"column":12},"end":{"line":29,"column":19}},"17":{"start":{"line":31,"column":8},"end":{"line":37,"column":9}},"18":{"start":{"line":31,"column":21},"end":{"line":31,"column":22}},"19":{"start":{"line":32,"column":12},"end":{"line":36,"column":13}},"20":{"start":{"line":33,"column":16},"end":{"line":34,"column":54}},"21":{"start":{"line":35,"column":16},"end":{"line":35,"column":23}},"22":{"start":{"line":38,"column":8},"end":{"line":38,"column":50}},"23":{"start":{"line":42,"column":0},"end":{"line":42,"column":22}}},"fnMap":{"0":{"name":"(anonymous_0)","decl":{"start":{"line":5,"column":4},"end":{"line":5,"column":5}},"loc":{"start":{"line":5,"column":49},"end":{"line":13,"column":5}},"line":5},"1":{"name":"(anonymous_1)","decl":{"start":{"line":16,"column":4},"end":{"line":16,"column":5}},"loc":{"start":{"line":16,"column":18},"end":{"line":20,"column":5}},"line":16},"2":{"name":"(anonymous_2)","decl":{"start":{"line":23,"column":4},"end":{"line":23,"column":5}},"loc":{"start":{"line":23,"column":30},"end":{"line":39,"column":5}},"line":23},"3":{"name":"(anonymous_3)","decl":{"start":{"line":24,"column":43},"end":{"line":24,"column":44}},"loc":{"start":{"line":25,"column":12},"end":{"line":25,"column":37}},"line":25}},"branchMap":{"0":{"loc":{"start":{"line":5,"column":38},"end":{"line":5,"column":46}},"type":"default-arg","locations":[{"start":{"line":5,"column":45},"end":{"line":5,"column":46}}],"line":5},"1":{"loc":{"start":{"line":27,"column":8},"end":{"line":30,"column":9}},"type":"if","locations":[{"start":{"line":27,"column":8},"end":{"line":30,"column":9}},{"start":{},"end":{}}],"line":27},"2":{"loc":{"start":{"line":32,"column":12},"end":{"line":36,"column":13}},"type":"if","locations":[{"start":{"line":32,"column":12},"end":{"line":36,"column":13}},{"start":{},"end":{}}],"line":32}},"s":{"0":3,"1":3,"2":8,"3":8,"4":8,"5":8,"6":8,"7":8,"8":8,"9":6,"10":6,"11":6,"12":0,"13":0,"14":0,"15":0,"16":0,"17":0,"18":0,"19":0,"20":0,"21":0,"22":0,"23":3},"f":{"0":8,"1":6,"2":0,"3":0},"b":{"0":[1],"1":[0,0],"2":[0,0]},"_coverageSchema":"1a1c01bbd47fc00a2c39e90264f33305004495a9","hash":"9754b720868c691e72cbcc85c628922787233bbb"}
,"/usr/local/google/home/cjgarcia/GoogleGit/multiverse_activities/Week_02/scooter_project/scooter/src/validate.js": {"path":"/usr/local/google/home/cjgarcia/GoogleGit/multiverse_activities/Week_02/scooter_project/scooter/src/validate.js","statementMap":{"0":{"start":{"line":1,"column":12},"end":{"line":1,"column":28}},"1":{"start":{"line":4,"column":20},"end":{"line":10,"column":1}},"2":{"start":{"line":5,"column":4},"end":{"line":8,"column":5}},"3":{"start":{"line":6,"column":8},"end":{"line":6,"column":57}},"4":{"start":{"line":7,"column":8},"end":{"line":7,"column":21}},"5":{"start":{"line":9,"column":4},"end":{"line":9,"column":16}},"6":{"start":{"line":13,"column":21},"end":{"line":19,"column":1}},"7":{"start":{"line":14,"column":4},"end":{"line":17,"column":5}},"8":{"start":{"line":15,"column":8},"end":{"line":15,"column":40}},"9":{"start":{"line":16,"column":8},"end":{"line":16,"column":21}},"10":{"start":{"line":18,"column":4},"end":{"line":18,"column":16}},"11":{"start":{"line":21,"column":0},"end":{"line":21,"column":47}}},"fnMap":{"0":{"name":"(anonymous_0)","decl":{"start":{"line":4,"column":20},"end":{"line":4,"column":21}},"loc":{"start":{"line":4,"column":29},"end":{"line":10,"column":1}},"line":4},"1":{"name":"(anonymous_1)","decl":{"start":{"line":13,"column":21},"end":{"line":13,"column":22}},"loc":{"start":{"line":13,"column":31},"end":{"line":19,"column":1}},"line":13}},"branchMap":{"0":{"loc":{"start":{"line":5,"column":4},"end":{"line":8,"column":5}},"type":"if","locations":[{"start":{"line":5,"column":4},"end":{"line":8,"column":5}},{"start":{},"end":{}}],"line":5},"1":{"loc":{"start":{"line":14,"column":4},"end":{"line":17,"column":5}},"type":"if","locations":[{"start":{"line":14,"column":4},"end":{"line":17,"column":5}},{"start":{},"end":{}}],"line":14}},"s":{"0":1,"1":1,"2":0,"3":0,"4":0,"5":0,"6":1,"7":0,"8":0,"9":0,"10":0,"11":1},"f":{"0":0,"1":0},"b":{"0":[0,0],"1":[0,0]},"_coverageSchema":"1a1c01bbd47fc00a2c39e90264f33305004495a9","hash":"e45143604b7a67694964a0e99c1c0580050194a5"}
}
