{"/usr/local/google/home/cjgarcia/GoogleGit/multiverse_activities/Week_02/scooter_project/scooter/src/App.js": {"path":"/usr/local/google/home/cjgarcia/GoogleGit/multiverse_activities/Week_02/scooter_project/scooter/src/App.js","statementMap":{"0":{"start":{"line":1,"column":16},"end":{"line":1,"column":36}},"1":{"start":{"line":2,"column":25},"end":{"line":2,"column":46}},"2":{"start":{"line":6,"column":22},"end":{"line":6,"column":24}},"3":{"start":{"line":10,"column":8},"end":{"line":10,"column":33}},"4":{"start":{"line":15,"column":8},"end":{"line":15,"column":28}},"5":{"start":{"line":20,"column":24},"end":{"line":22,"column":9}},"6":{"start":{"line":21,"column":12},"end":{"line":21,"column":37}},"7":{"start":{"line":23,"column":8},"end":{"line":26,"column":9}},"8":{"start":{"line":23,"column":21},"end":{"line":23,"column":22}},"9":{"start":{"line":24,"column":12},"end":{"line":24,"column":56}},"10":{"start":{"line":25,"column":12},"end":{"line":25,"column":61}},"11":{"start":{"line":27,"column":8},"end":{"line":27,"column":36}},"12":{"start":{"line":32,"column":8},"end":{"line":32,"column":31}},"13":{"start":{"line":37,"column":31},"end":{"line":37,"column":63}},"14":{"start":{"line":38,"column":8},"end":{"line":38,"column":30}},"15":{"start":{"line":45,"column":8},"end":{"line":49,"column":9}},"16":{"start":{"line":45,"column":18},"end":{"line":45,"column":19}},"17":{"start":{"line":46,"column":12},"end":{"line":48,"column":13}},"18":{"start":{"line":47,"column":16},"end":{"line":47,"column":45}},"19":{"start":{"line":50,"column":8},"end":{"line":54,"column":9}},"20":{"start":{"line":50,"column":18},"end":{"line":50,"column":19}},"21":{"start":{"line":51,"column":12},"end":{"line":53,"column":13}},"22":{"start":{"line":52,"column":16},"end":{"line":52,"column":67}},"23":{"start":{"line":55,"column":8},"end":{"line":59,"column":9}},"24":{"start":{"line":56,"column":12},"end":{"line":56,"column":24}},"25":{"start":{"line":58,"column":12},"end":{"line":58,"column":55}},"26":{"start":{"line":65,"column":8},"end":{"line":77,"column":9}},"27":{"start":{"line":65,"column":18},"end":{"line":65,"column":19}},"28":{"start":{"line":67,"column":12},"end":{"line":76,"column":13}},"29":{"start":{"line":69,"column":38},"end":{"line":69,"column":66}},"30":{"start":{"line":71,"column":16},"end":{"line":71,"column":58}},"31":{"start":{"line":73,"column":16},"end":{"line":73,"column":51}},"32":{"start":{"line":75,"column":16},"end":{"line":75,"column":60}},"33":{"start":{"line":82,"column":0},"end":{"line":82,"column":21}}},"fnMap":{"0":{"name":"(anonymous_0)","decl":{"start":{"line":9,"column":4},"end":{"line":9,"column":5}},"loc":{"start":{"line":9,"column":25},"end":{"line":11,"column":5}},"line":9},"1":{"name":"(anonymous_1)","decl":{"start":{"line":14,"column":4},"end":{"line":14,"column":5}},"loc":{"start":{"line":14,"column":17},"end":{"line":16,"column":5}},"line":14},"2":{"name":"(anonymous_2)","decl":{"start":{"line":19,"column":4},"end":{"line":19,"column":5}},"loc":{"start":{"line":19,"column":31},"end":{"line":28,"column":5}},"line":19},"3":{"name":"(anonymous_3)","decl":{"start":{"line":20,"column":46},"end":{"line":20,"column":47}},"loc":{"start":{"line":21,"column":12},"end":{"line":21,"column":37}},"line":21},"4":{"name":"(anonymous_4)","decl":{"start":{"line":31,"column":4},"end":{"line":31,"column":5}},"loc":{"start":{"line":31,"column":27},"end":{"line":33,"column":5}},"line":31},"5":{"name":"(anonymous_5)","decl":{"start":{"line":36,"column":4},"end":{"line":36,"column":5}},"loc":{"start":{"line":36,"column":38},"end":{"line":39,"column":5}},"line":36},"6":{"name":"(anonymous_6)","decl":{"start":{"line":42,"column":4},"end":{"line":42,"column":5}},"loc":{"start":{"line":42,"column":42},"end":{"line":60,"column":5}},"line":42},"7":{"name":"(anonymous_7)","decl":{"start":{"line":63,"column":4},"end":{"line":63,"column":5}},"loc":{"start":{"line":63,"column":49},"end":{"line":78,"column":5}},"line":63}},"branchMap":{"0":{"loc":{"start":{"line":46,"column":12},"end":{"line":48,"column":13}},"type":"if","locations":[{"start":{"line":46,"column":12},"end":{"line":48,"column":13}},{"start":{},"end":{}}],"line":46},"1":{"loc":{"start":{"line":51,"column":12},"end":{"line":53,"column":13}},"type":"if","locations":[{"start":{"line":51,"column":12},"end":{"line":53,"column":13}},{"start":{},"end":{}}],"line":51},"2":{"loc":{"start":{"line":55,"column":8},"end":{"line":59,"column":9}},"type":"if","locations":[{"start":{"line":55,"column":8},"end":{"line":59,"column":9}},{"start":{"line":57,"column":15},"end":{"line":59,"column":9}}],"line":55},"3":{"loc":{"start":{"line":67,"column":12},"end":{"line":76,"column":13}},"type":"if","locations":[{"start":{"line":67,"column":12},"end":{"line":76,"column":13}},{"start":{},"end":{}}],"line":67}},"s":{"0":3,"1":3,"2":3,"3":5,"4":0,"5":0,"6":0,"7":0,"8":0,"9":0,"10":0,"11":0,"12":1,"13":8,"14":8,"15":3,"16":3,"17":13,"18":2,"19":3,"20":3,"21":15,"22":3,"23":3,"24":1,"25":2,"26":2,"27":2,"28":9,"29":2,"30":2,"31":2,"32":2,"33":3},"f":{"0":5,"1":0,"2":0,"3":0,"4":1,"5":8,"6":3,"7":2},"b":{"0":[2,11],"1":[3,12],"2":[1,2],"3":[2,7]},"_coverageSchema":"1a1c01bbd47fc00a2c39e90264f33305004495a9","hash":"116498e53cd5a9f7865af3335725e4339141850f"}
,"/usr/local/google/home/cjgarcia/GoogleGit/multiverse_activities/Week_02/scooter_project/scooter/src/Scooter.js": {"path":"/usr/local/google/home/cjgarcia/GoogleGit/multiverse_activities/Week_02/scooter_project/scooter/src/Scooter.js","statementMap":{"0":{"start":{"line":3,"column":8},"end":{"line":3,"column":21}},"1":{"start":{"line":4,"column":8},"end":{"line":4,"column":29}},"2":{"start":{"line":5,"column":8},"end":{"line":5,"column":35}},"3":{"start":{"line":6,"column":8},"end":{"line":6,"column":35}},"4":{"start":{"line":10,"column":0},"end":{"line":10,"column":25}}},"fnMap":{"0":{"name":"(anonymous_0)","decl":{"start":{"line":2,"column":4},"end":{"line":2,"column":5}},"loc":{"start":{"line":2,"column":65},"end":{"line":7,"column":5}},"line":2}},"branchMap":{"0":{"loc":{"start":{"line":2,"column":28},"end":{"line":2,"column":44}},"type":"default-arg","locations":[{"start":{"line":2,"column":40},"end":{"line":2,"column":44}}],"line":2},"1":{"loc":{"start":{"line":2,"column":46},"end":{"line":2,"column":63}},"type":"default-arg","locations":[{"start":{"line":2,"column":58},"end":{"line":2,"column":63}}],"line":2}},"s":{"0":14,"1":14,"2":14,"3":14,"4":5},"f":{"0":14},"b":{"0":[0],"1":[0]},"_coverageSchema":"1a1c01bbd47fc00a2c39e90264f33305004495a9","hash":"0724e7c91c1732e369a1c1075bb591f7f2bee351"}
,"/usr/local/google/home/cjgarcia/GoogleGit/multiverse_activities/Week_02/scooter_project/scooter/src/Station.js": {"path":"/usr/local/google/home/cjgarcia/GoogleGit/multiverse_activities/Week_02/scooter_project/scooter/src/Station.js","statementMap":{"0":{"start":{"line":1,"column":16},"end":{"line":1,"column":36}},"1":{"start":{"line":4,"column":22},"end":{"line":4,"column":24}},"2":{"start":{"line":8,"column":8},"end":{"line":8,"column":33}},"3":{"start":{"line":9,"column":8},"end":{"line":9,"column":27}},"4":{"start":{"line":10,"column":8},"end":{"line":10,"column":37}},"5":{"start":{"line":11,"column":8},"end":{"line":11,"column":33}},"6":{"start":{"line":12,"column":8},"end":{"line":12,"column":45}},"7":{"start":{"line":17,"column":24},"end":{"line":19,"column":9}},"8":{"start":{"line":18,"column":12},"end":{"line":18,"column":37}},"9":{"start":{"line":20,"column":8},"end":{"line":20,"column":32}},"10":{"start":{"line":25,"column":8},"end":{"line":33,"column":9}},"11":{"start":{"line":26,"column":12},"end":{"line":26,"column":46}},"12":{"start":{"line":28,"column":12},"end":{"line":32,"column":13}},"13":{"start":{"line":29,"column":16},"end":{"line":29,"column":44}},"14":{"start":{"line":31,"column":16},"end":{"line":31,"column":54}},"15":{"start":{"line":38,"column":8},"end":{"line":43,"column":9}},"16":{"start":{"line":38,"column":21},"end":{"line":38,"column":22}},"17":{"start":{"line":39,"column":12},"end":{"line":42,"column":13}},"18":{"start":{"line":40,"column":32},"end":{"line":40,"column":58}},"19":{"start":{"line":41,"column":16},"end":{"line":41,"column":50}},"20":{"start":{"line":47,"column":0},"end":{"line":47,"column":25}}},"fnMap":{"0":{"name":"(anonymous_0)","decl":{"start":{"line":7,"column":4},"end":{"line":7,"column":5}},"loc":{"start":{"line":7,"column":26},"end":{"line":13,"column":5}},"line":7},"1":{"name":"(anonymous_1)","decl":{"start":{"line":16,"column":4},"end":{"line":16,"column":5}},"loc":{"start":{"line":16,"column":35},"end":{"line":21,"column":5}},"line":16},"2":{"name":"(anonymous_2)","decl":{"start":{"line":17,"column":46},"end":{"line":17,"column":47}},"loc":{"start":{"line":18,"column":12},"end":{"line":18,"column":37}},"line":18},"3":{"name":"(anonymous_3)","decl":{"start":{"line":24,"column":4},"end":{"line":24,"column":5}},"loc":{"start":{"line":24,"column":24},"end":{"line":34,"column":5}},"line":24},"4":{"name":"(anonymous_4)","decl":{"start":{"line":37,"column":4},"end":{"line":37,"column":5}},"loc":{"start":{"line":37,"column":22},"end":{"line":44,"column":5}},"line":37}},"branchMap":{"0":{"loc":{"start":{"line":25,"column":8},"end":{"line":33,"column":9}},"type":"if","locations":[{"start":{"line":25,"column":8},"end":{"line":33,"column":9}},{"start":{"line":27,"column":15},"end":{"line":33,"column":9}}],"line":25},"1":{"loc":{"start":{"line":28,"column":12},"end":{"line":32,"column":13}},"type":"if","locations":[{"start":{"line":28,"column":12},"end":{"line":32,"column":13}},{"start":{"line":30,"column":19},"end":{"line":32,"column":13}}],"line":28},"2":{"loc":{"start":{"line":39,"column":12},"end":{"line":42,"column":13}},"type":"if","locations":[{"start":{"line":39,"column":12},"end":{"line":42,"column":13}},{"start":{},"end":{}}],"line":39}},"s":{"0":4,"1":4,"2":5,"3":5,"4":5,"5":5,"6":5,"7":8,"8":26,"9":8,"10":16,"11":0,"12":16,"13":16,"14":0,"15":0,"16":0,"17":0,"18":0,"19":0,"20":4},"f":{"0":5,"1":8,"2":26,"3":16,"4":0},"b":{"0":[0,16],"1":[16,0],"2":[0,0]},"_coverageSchema":"1a1c01bbd47fc00a2c39e90264f33305004495a9","hash":"2c1fe11f27ba342dbfeeea9cb5172b7e9257b991"}
,"/usr/local/google/home/cjgarcia/GoogleGit/multiverse_activities/Week_02/scooter_project/scooter/src/User.js": {"path":"/usr/local/google/home/cjgarcia/GoogleGit/multiverse_activities/Week_02/scooter_project/scooter/src/User.js","statementMap":{"0":{"start":{"line":1,"column":12},"end":{"line":1,"column":28}},"1":{"start":{"line":5,"column":8},"end":{"line":5,"column":33}},"2":{"start":{"line":6,"column":8},"end":{"line":6,"column":27}},"3":{"start":{"line":7,"column":8},"end":{"line":7,"column":23}},"4":{"start":{"line":8,"column":8},"end":{"line":8,"column":25}},"5":{"start":{"line":9,"column":8},"end":{"line":9,"column":28}},"6":{"start":{"line":10,"column":8},"end":{"line":10,"column":35}},"7":{"start":{"line":15,"column":8},"end":{"line":15,"column":27}},"8":{"start":{"line":16,"column":8},"end":{"line":16,"column":26}},"9":{"start":{"line":24,"column":0},"end":{"line":24,"column":22}}},"fnMap":{"0":{"name":"(anonymous_0)","decl":{"start":{"line":4,"column":4},"end":{"line":4,"column":5}},"loc":{"start":{"line":4,"column":44},"end":{"line":11,"column":5}},"line":4},"1":{"name":"(anonymous_1)","decl":{"start":{"line":14,"column":4},"end":{"line":14,"column":5}},"loc":{"start":{"line":14,"column":21},"end":{"line":17,"column":5}},"line":14},"2":{"name":"(anonymous_2)","decl":{"start":{"line":19,"column":4},"end":{"line":19,"column":5}},"loc":{"start":{"line":19,"column":30},"end":{"line":21,"column":5}},"line":19}},"branchMap":{},"s":{"0":3,"1":6,"2":6,"3":6,"4":6,"5":6,"6":6,"7":5,"8":5,"9":3},"f":{"0":6,"1":5,"2":0},"b":{},"_coverageSchema":"1a1c01bbd47fc00a2c39e90264f33305004495a9","hash":"03db74292f82f4bd3a2dade71def6019c37c3d23"}
,"/usr/local/google/home/cjgarcia/GoogleGit/multiverse_activities/Week_02/scooter_project/scooter/src/validate.js": {"path":"/usr/local/google/home/cjgarcia/GoogleGit/multiverse_activities/Week_02/scooter_project/scooter/src/validate.js","statementMap":{"0":{"start":{"line":1,"column":12},"end":{"line":1,"column":28}},"1":{"start":{"line":4,"column":20},"end":{"line":10,"column":1}},"2":{"start":{"line":5,"column":4},"end":{"line":8,"column":5}},"3":{"start":{"line":6,"column":8},"end":{"line":6,"column":57}},"4":{"start":{"line":7,"column":8},"end":{"line":7,"column":21}},"5":{"start":{"line":9,"column":4},"end":{"line":9,"column":16}},"6":{"start":{"line":13,"column":21},"end":{"line":19,"column":1}},"7":{"start":{"line":14,"column":4},"end":{"line":17,"column":5}},"8":{"start":{"line":15,"column":8},"end":{"line":15,"column":40}},"9":{"start":{"line":16,"column":8},"end":{"line":16,"column":21}},"10":{"start":{"line":18,"column":4},"end":{"line":18,"column":16}},"11":{"start":{"line":23,"column":21},"end":{"line":31,"column":1}},"12":{"start":{"line":24,"column":4},"end":{"line":29,"column":5}},"13":{"start":{"line":25,"column":8},"end":{"line":25,"column":64}},"14":{"start":{"line":27,"column":8},"end":{"line":27,"column":70}},"15":{"start":{"line":28,"column":8},"end":{"line":28,"column":26}},"16":{"start":{"line":30,"column":4},"end":{"line":30,"column":15}},"17":{"start":{"line":34,"column":29},"end":{"line":37,"column":1}},"18":{"start":{"line":35,"column":4},"end":{"line":35,"column":57}},"19":{"start":{"line":35,"column":44},"end":{"line":35,"column":57}},"20":{"start":{"line":36,"column":4},"end":{"line":36,"column":16}},"21":{"start":{"line":39,"column":0},"end":{"line":39,"column":83}}},"fnMap":{"0":{"name":"(anonymous_0)","decl":{"start":{"line":4,"column":20},"end":{"line":4,"column":21}},"loc":{"start":{"line":4,"column":29},"end":{"line":10,"column":1}},"line":4},"1":{"name":"(anonymous_1)","decl":{"start":{"line":13,"column":21},"end":{"line":13,"column":22}},"loc":{"start":{"line":13,"column":31},"end":{"line":19,"column":1}},"line":13},"2":{"name":"(anonymous_2)","decl":{"start":{"line":23,"column":21},"end":{"line":23,"column":22}},"loc":{"start":{"line":23,"column":32},"end":{"line":31,"column":1}},"line":23},"3":{"name":"(anonymous_3)","decl":{"start":{"line":34,"column":29},"end":{"line":34,"column":30}},"loc":{"start":{"line":34,"column":40},"end":{"line":37,"column":1}},"line":34}},"branchMap":{"0":{"loc":{"start":{"line":5,"column":4},"end":{"line":8,"column":5}},"type":"if","locations":[{"start":{"line":5,"column":4},"end":{"line":8,"column":5}},{"start":{},"end":{}}],"line":5},"1":{"loc":{"start":{"line":14,"column":4},"end":{"line":17,"column":5}},"type":"if","locations":[{"start":{"line":14,"column":4},"end":{"line":17,"column":5}},{"start":{},"end":{}}],"line":14},"2":{"loc":{"start":{"line":24,"column":4},"end":{"line":29,"column":5}},"type":"if","locations":[{"start":{"line":24,"column":4},"end":{"line":29,"column":5}},{"start":{"line":26,"column":11},"end":{"line":29,"column":5}}],"line":24},"3":{"loc":{"start":{"line":35,"column":4},"end":{"line":35,"column":57}},"type":"if","locations":[{"start":{"line":35,"column":4},"end":{"line":35,"column":57}},{"start":{},"end":{}}],"line":35}},"s":{"0":3,"1":3,"2":0,"3":0,"4":0,"5":0,"6":3,"7":0,"8":0,"9":0,"10":0,"11":3,"12":0,"13":0,"14":0,"15":0,"16":0,"17":3,"18":0,"19":0,"20":0,"21":3},"f":{"0":0,"1":0,"2":0,"3":0},"b":{"0":[0,0],"1":[0,0],"2":[0,0],"3":[0,0]},"_coverageSchema":"1a1c01bbd47fc00a2c39e90264f33305004495a9","hash":"d7ac248a87add2b15efa9629c26b8bb5418c1123"}
}
