TN:
SF:src/App.js
FN:8,(anonymous_0)
FN:13,(anonymous_1)
FN:18,(anonymous_2)
FN:19,(anonymous_3)
FN:30,(anonymous_4)
FN:35,(anonymous_5)
FN:41,(anonymous_6)
FN:67,(anonymous_7)
FNF:8
FNH:5
FNDA:6,(anonymous_0)
FNDA:0,(anonymous_1)
FNDA:0,(anonymous_2)
FNDA:0,(anonymous_3)
FNDA:1,(anonymous_4)
FNDA:8,(anonymous_5)
FNDA:4,(anonymous_6)
FNDA:3,(anonymous_7)
DA:1,3
DA:5,3
DA:9,6
DA:14,0
DA:19,0
DA:20,0
DA:22,0
DA:23,0
DA:24,0
DA:26,0
DA:31,1
DA:36,8
DA:37,8
DA:44,4
DA:45,14
DA:46,3
DA:49,4
DA:50,16
DA:51,4
DA:54,4
DA:55,1
DA:57,3
DA:58,0
DA:59,0
DA:61,3
DA:69,3
DA:71,10
DA:73,3
DA:74,3
DA:76,3
DA:80,3
DA:86,3
LF:32
LH:23
BRDA:45,0,0,3
BRDA:45,0,1,11
BRDA:50,1,0,4
BRDA:50,1,1,12
BRDA:54,2,0,1
BRDA:54,2,1,3
BRDA:57,3,0,0
BRDA:57,3,1,3
BRDA:71,4,0,3
BRDA:71,4,1,7
BRF:10
BRH:9
end_of_record
TN:
SF:src/Scooter.js
FN:2,(anonymous_0)
FNF:1
FNH:1
FNDA:19,(anonymous_0)
DA:3,19
DA:4,19
DA:5,19
DA:6,19
DA:10,5
LF:5
LH:5
BRDA:2,0,0,1
BRDA:2,1,0,1
BRF:2
BRH:2
end_of_record
TN:
SF:src/Station.js
FN:7,(anonymous_0)
FN:16,(anonymous_1)
FN:17,(anonymous_2)
FN:24,(anonymous_3)
FNF:4
FNH:4
FNDA:7,(anonymous_0)
FNDA:9,(anonymous_1)
FNDA:27,(anonymous_2)
FNDA:21,(anonymous_3)
DA:1,4
DA:4,4
DA:8,7
DA:9,7
DA:10,7
DA:11,7
DA:12,7
DA:17,9
DA:18,27
DA:20,9
DA:25,21
DA:26,0
DA:28,21
DA:29,21
DA:31,0
DA:37,4
LF:16
LH:14
BRDA:25,0,0,0
BRDA:25,0,1,21
BRDA:28,1,0,21
BRDA:28,1,1,0
BRF:4
BRH:2
end_of_record
TN:
SF:src/User.js
FN:5,(anonymous_0)
FN:16,(anonymous_1)
FN:23,(anonymous_2)
FN:24,(anonymous_3)
FNF:4
FNH:2
FNDA:8,(anonymous_0)
FNDA:6,(anonymous_1)
FNDA:0,(anonymous_2)
FNDA:0,(anonymous_3)
DA:1,3
DA:2,3
DA:6,8
DA:7,8
DA:8,8
DA:9,8
DA:10,8
DA:11,8
DA:12,8
DA:17,6
DA:18,6
DA:19,6
DA:24,0
DA:25,0
DA:27,0
DA:28,0
DA:29,0
DA:31,0
DA:32,0
DA:33,0
DA:35,0
DA:38,0
DA:42,3
LF:23
LH:13
BRDA:5,0,0,1
BRDA:27,1,0,0
BRDA:27,1,1,0
BRDA:32,2,0,0
BRDA:32,2,1,0
BRF:5
BRH:1
end_of_record
TN:
SF:src/validate.js
FN:4,(anonymous_0)
FN:13,(anonymous_1)
FNF:2
FNH:0
FNDA:0,(anonymous_0)
FNDA:0,(anonymous_1)
DA:1,1
DA:4,1
DA:5,0
DA:6,0
DA:7,0
DA:9,0
DA:13,1
DA:14,0
DA:15,0
DA:16,0
DA:18,0
DA:21,1
LF:12
LH:4
BRDA:5,0,0,0
BRDA:5,0,1,0
BRDA:14,1,0,0
BRDA:14,1,1,0
BRF:4
BRH:0
end_of_record
