TN:
SF:src/App.js
FN:9,(anonymous_0)
FN:14,(anonymous_1)
FN:19,(anonymous_2)
FN:20,(anonymous_3)
FN:31,(anonymous_4)
FN:36,(anonymous_5)
FN:42,(anonymous_6)
FN:63,(anonymous_7)
FNF:8
FNH:5
FNDA:5,(anonymous_0)
FNDA:0,(anonymous_1)
FNDA:0,(anonymous_2)
FNDA:0,(anonymous_3)
FNDA:1,(anonymous_4)
FNDA:8,(anonymous_5)
FNDA:3,(anonymous_6)
FNDA:2,(anonymous_7)
DA:1,3
DA:2,3
DA:6,3
DA:10,5
DA:15,0
DA:20,0
DA:21,0
DA:23,0
DA:24,0
DA:25,0
DA:27,0
DA:32,1
DA:37,8
DA:38,8
DA:45,3
DA:46,13
DA:47,2
DA:50,3
DA:51,15
DA:52,3
DA:55,3
DA:56,1
DA:58,2
DA:65,2
DA:67,9
DA:69,2
DA:71,2
DA:73,2
DA:75,2
DA:82,3
LF:30
LH:23
BRDA:46,0,0,2
BRDA:46,0,1,11
BRDA:51,1,0,3
BRDA:51,1,1,12
BRDA:55,2,0,1
BRDA:55,2,1,2
BRDA:67,3,0,2
BRDA:67,3,1,7
BRF:8
BRH:8
end_of_record
TN:
SF:src/Scooter.js
FN:2,(anonymous_0)
FNF:1
FNH:1
FNDA:14,(anonymous_0)
DA:3,14
DA:4,14
DA:5,14
DA:6,14
DA:10,5
LF:5
LH:5
BRDA:2,0,0,0
BRDA:2,1,0,0
BRF:2
BRH:0
end_of_record
TN:
SF:src/Station.js
FN:7,(anonymous_0)
FN:16,(anonymous_1)
FN:17,(anonymous_2)
FN:24,(anonymous_3)
FN:37,(anonymous_4)
FNF:5
FNH:4
FNDA:5,(anonymous_0)
FNDA:8,(anonymous_1)
FNDA:26,(anonymous_2)
FNDA:16,(anonymous_3)
FNDA:0,(anonymous_4)
DA:1,4
DA:4,4
DA:8,5
DA:9,5
DA:10,5
DA:11,5
DA:12,5
DA:17,8
DA:18,26
DA:20,8
DA:25,16
DA:26,0
DA:28,16
DA:29,16
DA:31,0
DA:38,0
DA:39,0
DA:40,0
DA:41,0
DA:47,4
LF:20
LH:14
BRDA:25,0,0,0
BRDA:25,0,1,16
BRDA:28,1,0,16
BRDA:28,1,1,0
BRDA:39,2,0,0
BRDA:39,2,1,0
BRF:6
BRH:2
end_of_record
TN:
SF:src/User.js
FN:4,(anonymous_0)
FN:14,(anonymous_1)
FN:19,(anonymous_2)
FNF:3
FNH:2
FNDA:6,(anonymous_0)
FNDA:5,(anonymous_1)
FNDA:0,(anonymous_2)
DA:1,3
DA:5,6
DA:6,6
DA:7,6
DA:8,6
DA:9,6
DA:10,6
DA:15,5
DA:16,5
DA:24,3
LF:10
LH:10
BRF:0
BRH:0
end_of_record
TN:
SF:src/validate.js
FN:4,(anonymous_0)
FN:13,(anonymous_1)
FN:23,(anonymous_2)
FN:34,(anonymous_3)
FNF:4
FNH:0
FNDA:0,(anonymous_0)
FNDA:0,(anonymous_1)
FNDA:0,(anonymous_2)
FNDA:0,(anonymous_3)
DA:1,3
DA:4,3
DA:5,0
DA:6,0
DA:7,0
DA:9,0
DA:13,3
DA:14,0
DA:15,0
DA:16,0
DA:18,0
DA:23,3
DA:24,0
DA:25,0
DA:27,0
DA:28,0
DA:30,0
DA:34,3
DA:35,0
DA:36,0
DA:39,3
LF:21
LH:6
BRDA:5,0,0,0
BRDA:5,0,1,0
BRDA:14,1,0,0
BRDA:14,1,1,0
BRDA:24,2,0,0
BRDA:24,2,1,0
BRDA:35,3,0,0
BRDA:35,3,1,0
BRF:8
BRH:0
end_of_record
